Arguments: 
  C:\Program Files\nodejs\node.exe C:\Users\colli\AppData\Roaming\npm\node_modules\yarn\bin\yarn.js install

PATH: 
  C:\Users\colli\AppData\Local\Temp\yarn--1674252486124-0.5582903715913039;C:\Users\colli\AppData\Local\Yarn\Data\global\node_modules\.bin;C:\Users\colli\AppData\Local\Yarn\Data\link\node_modules\.bin;C:\Users\colli\AppData\Local\Yarn\bin;C:\Program Files\libexec\lib\node_modules\npm\bin\node-gyp-bin;C:\Program Files\lib\node_modules\npm\bin\node-gyp-bin;C:\Program Files\nodejs\node_modules\npm\bin\node-gyp-bin;C:\Program Files\Git\mingw64\bin;C:\Program Files\Git\usr\bin;C:\Users\colli\bin;C:\Program Files\Microsoft\jdk-11.0.16.101-hotspot\bin;C:\Python39\Scripts;C:\Python39;C:\Program Files (x86)\Common Files\Oracle\Java\javapath;C:\Program Files\Microsoft MPI\Bin;C:\Program Files (x86)\Intel\iCLS Client;C:\Program Files\Intel\iCLS Client;C:\Windows\system32;C:\Windows;C:\Windows\System32\Wbem;C:\Windows\System32\WindowsPowerShell\v1.0;C:\Program Files (x86)\Intel\Intel(R) Management Engine Components\DAL;C:\Program Files\Intel\Intel(R) Management Engine Components\DAL;C:\Program Files (x86)\Intel\Intel(R) Management Engine Components\IPT;C:\Program Files\Intel\Intel(R) Management Engine Components\IPT;C:\Program Files (x86)\NVIDIA Corporation\PhysX\Common;C:\Program Files\Intel\WiFi\bin;C:\Program Files\Common Files\Intel\WirelessCommon;C:\WINDOWS\system32;C:\WINDOWS;C:\WINDOWS\System32\Wbem;C:\WINDOWS\System32\WindowsPowerShell\v1.0;C:\Program Files\dotnet;C:\WINDOWS\System32\OpenSSH;C:\Program Files\Git\cmd;C:\ProgramData\chocolatey\bin;C:\Program Files\nodejs;C:\Users\colli\AppData\Local\Programs\Python\Python37\Scripts;C:\Users\colli\AppData\Local\Programs\Python\Python37;C:\Users\colli\AppData\Local\Microsoft\WindowsApps;C:\Program Files (x86)\Nmap;C:\Users\colli\AppData\Local\Programs\Microsoft VS Code\bin;C:\Users\colli\AppData\Roaming\npm;C;C:\Users\colli\AppData\Local\Programs\Python\Python37;C;C:\Users\colli\AppData\Local\Programs\Python\Python37\Scripts

Yarn version: 
  1.22.19

Node version: 
  18.13.0

Platform: 
  win32 x64

Trace: 
  Error: ENOSPC: no space left on device, copyfile 'C:\Users\colli\AppData\Local\Yarn\Cache\v6\npm-readline-1.3.0-c580d77ef2cfc8752b132498060dc9793a7ac01c-integrity\node_modules\readline\test\fixtures\afile.txt' -> 'C:\Users\colli\projects\ReactNatively\node_modules\readline\test\fixtures\afile.txt'

npm manifest: 
  {
    "name": "reactnatively",
    "version": "1.0.0",
    "main": "node_modules/expo/AppEntry.js",
    "scripts": {
      "start": "expo start",
      "android": "expo start --android",
      "ios": "expo start --ios",
      "web": "expo start --web"
    },
    "dependencies": {
      "expo": "~47.0.12",
      "expo-status-bar": "~1.4.2",
      "react": "18.1.0",
      "react-native": "0.70.5"
    },
    "devDependencies": {
      "@babel/core": "^7.12.9"
    },
    "private": true
  }

yarn manifest: 
  No manifest

Lockfile: 
  No lockfile
